version https://git-lfs.github.com/spec/v1
oid sha256:51f134add10472191063f26a94ff74c85a3751d8eb61ae6875b0bbce38d1e0bb
size 15246
